This is pdfTeX, Version 3.1415926-2.5-1.40.14 (TeX Live 2013/Debian) (format=pdflatex 2014.10.2)  8 DEC 2014 15:59
entering extended mode
 restricted \write18 enabled.
 %&-line parsing enabled.
**final_report.tex
(./final_report.tex
LaTeX2e <2011/06/27>
Babel <3.9h> and hyphenation patterns for 78 languages loaded.
(/usr/share/texlive/texmf-dist/tex/latex/base/article.cls
Document Class: article 2007/10/19 v1.4h Standard LaTeX document class
(/usr/share/texlive/texmf-dist/tex/latex/base/size10.clo
File: size10.clo 2007/10/19 v1.4h Standard LaTeX file (size option)
)
\c@part=\count79
\c@section=\count80
\c@subsection=\count81
\c@subsubsection=\count82
\c@paragraph=\count83
\c@subparagraph=\count84
\c@figure=\count85
\c@table=\count86
\abovecaptionskip=\skip41
\belowcaptionskip=\skip42
\bibindent=\dimen102
)
(/usr/share/texlive/texmf-dist/tex/latex/geometry/geometry.sty
Package: geometry 2010/09/12 v5.6 Page Geometry

(/usr/share/texlive/texmf-dist/tex/latex/graphics/keyval.sty
Package: keyval 1999/03/16 v1.13 key=value parser (DPC)
\KV@toks@=\toks14
)
(/usr/share/texlive/texmf-dist/tex/generic/oberdiek/ifpdf.sty
Package: ifpdf 2011/01/30 v2.3 Provides the ifpdf switch (HO)
Package ifpdf Info: pdfTeX in PDF mode is detected.
)
(/usr/share/texlive/texmf-dist/tex/generic/oberdiek/ifvtex.sty
Package: ifvtex 2010/03/01 v1.5 Detect VTeX and its facilities (HO)
Package ifvtex Info: VTeX not detected.
)
(/usr/share/texlive/texmf-dist/tex/generic/ifxetex/ifxetex.sty
Package: ifxetex 2010/09/12 v0.6 Provides ifxetex conditional
)
\Gm@cnth=\count87
\Gm@cntv=\count88
\c@Gm@tempcnt=\count89
\Gm@bindingoffset=\dimen103
\Gm@wd@mp=\dimen104
\Gm@odd@mp=\dimen105
\Gm@even@mp=\dimen106
\Gm@layoutwidth=\dimen107
\Gm@layoutheight=\dimen108
\Gm@layouthoffset=\dimen109
\Gm@layoutvoffset=\dimen110
\Gm@dimlist=\toks15
)
(/usr/share/texlive/texmf-dist/tex/latex/graphics/graphicx.sty
Package: graphicx 1999/02/16 v1.0f Enhanced LaTeX Graphics (DPC,SPQR)

(/usr/share/texlive/texmf-dist/tex/latex/graphics/graphics.sty
Package: graphics 2009/02/05 v1.0o Standard LaTeX Graphics (DPC,SPQR)

(/usr/share/texlive/texmf-dist/tex/latex/graphics/trig.sty
Package: trig 1999/03/16 v1.09 sin cos tan (DPC)
)
(/usr/share/texlive/texmf-dist/tex/latex/latexconfig/graphics.cfg
File: graphics.cfg 2010/04/23 v1.9 graphics configuration of TeX Live
)
Package graphics Info: Driver file: pdftex.def on input line 91.

(/usr/share/texlive/texmf-dist/tex/latex/pdftex-def/pdftex.def
File: pdftex.def 2011/05/27 v0.06d Graphics/color for pdfTeX

(/usr/share/texlive/texmf-dist/tex/generic/oberdiek/infwarerr.sty
Package: infwarerr 2010/04/08 v1.3 Providing info/warning/error messages (HO)
)
(/usr/share/texlive/texmf-dist/tex/generic/oberdiek/ltxcmds.sty
Package: ltxcmds 2011/11/09 v1.22 LaTeX kernel commands for general use (HO)
)
\Gread@gobject=\count90
))
\Gin@req@height=\dimen111
\Gin@req@width=\dimen112
)
(/usr/share/texlive/texmf-dist/tex/latex/graphics/epsfig.sty
Package: epsfig 1999/02/16 v1.7a (e)psfig emulation (SPQR)
\epsfxsize=\dimen113
\epsfysize=\dimen114
)
(/usr/share/texlive/texmf-dist/tex/latex/setspace/setspace.sty
Package: setspace 2011/12/19 v6.7a set line spacing
)
(/usr/share/texlive/texmf-dist/tex/latex/url/url.sty
\Urlmuskip=\muskip10
Package: url 2013/09/16  ver 3.4  Verb mode for urls, etc.
)
(/usr/share/texlive/texmf-dist/tex/latex/amsmath/amsmath.sty
Package: amsmath 2013/01/14 v2.14 AMS math features
\@mathmargin=\skip43

For additional information on amsmath, use the `?' option.
(/usr/share/texlive/texmf-dist/tex/latex/amsmath/amstext.sty
Package: amstext 2000/06/29 v2.01

(/usr/share/texlive/texmf-dist/tex/latex/amsmath/amsgen.sty
File: amsgen.sty 1999/11/30 v2.0
\@emptytoks=\toks16
\ex@=\dimen115
))
(/usr/share/texlive/texmf-dist/tex/latex/amsmath/amsbsy.sty
Package: amsbsy 1999/11/29 v1.2d
\pmbraise@=\dimen116
)
(/usr/share/texlive/texmf-dist/tex/latex/amsmath/amsopn.sty
Package: amsopn 1999/12/14 v2.01 operator names
)
\inf@bad=\count91
LaTeX Info: Redefining \frac on input line 210.
\uproot@=\count92
\leftroot@=\count93
LaTeX Info: Redefining \overline on input line 306.
\classnum@=\count94
\DOTSCASE@=\count95
LaTeX Info: Redefining \ldots on input line 378.
LaTeX Info: Redefining \dots on input line 381.
LaTeX Info: Redefining \cdots on input line 466.
\Mathstrutbox@=\box26
\strutbox@=\box27
\big@size=\dimen117
LaTeX Font Info:    Redeclaring font encoding OML on input line 566.
LaTeX Font Info:    Redeclaring font encoding OMS on input line 567.
\macc@depth=\count96
\c@MaxMatrixCols=\count97
\dotsspace@=\muskip11
\c@parentequation=\count98
\dspbrk@lvl=\count99
\tag@help=\toks17
\row@=\count100
\column@=\count101
\maxfields@=\count102
\andhelp@=\toks18
\eqnshift@=\dimen118
\alignsep@=\dimen119
\tagshift@=\dimen120
\tagwidth@=\dimen121
\totwidth@=\dimen122
\lineht@=\dimen123
\@envbody=\toks19
\multlinegap=\skip44
\multlinetaggap=\skip45
\mathdisplay@stack=\toks20
LaTeX Info: Redefining \[ on input line 2665.
LaTeX Info: Redefining \] on input line 2666.
)
(/usr/share/texlive/texmf-dist/tex/latex/tools/verbatim.sty
Package: verbatim 2003/08/22 v1.5q LaTeX2e package for verbatim enhancements
\every@verbatim=\toks21
\verbatim@line=\toks22
\verbatim@in@stream=\read1
)
(/usr/share/texlive/texmf-dist/tex/latex/oberdiek/epstopdf.sty
Package: epstopdf 2010/02/09 v2.5 Conversion with epstopdf on the fly (HO)

(/usr/share/texlive/texmf-dist/tex/latex/oberdiek/epstopdf-base.sty
Package: epstopdf-base 2010/02/09 v2.5 Base part for package epstopdf

(/usr/share/texlive/texmf-dist/tex/latex/oberdiek/grfext.sty
Package: grfext 2010/08/19 v1.1 Manage graphics extensions (HO)

(/usr/share/texlive/texmf-dist/tex/generic/oberdiek/kvdefinekeys.sty
Package: kvdefinekeys 2011/04/07 v1.3 Define keys (HO)
))
(/usr/share/texlive/texmf-dist/tex/latex/oberdiek/kvoptions.sty
Package: kvoptions 2011/06/30 v3.11 Key value format for package options (HO)

(/usr/share/texlive/texmf-dist/tex/generic/oberdiek/kvsetkeys.sty
Package: kvsetkeys 2012/04/25 v1.16 Key value parser (HO)

(/usr/share/texlive/texmf-dist/tex/generic/oberdiek/etexcmds.sty
Package: etexcmds 2011/02/16 v1.5 Avoid name clashes with e-TeX commands (HO)

(/usr/share/texlive/texmf-dist/tex/generic/oberdiek/ifluatex.sty
Package: ifluatex 2010/03/01 v1.3 Provides the ifluatex switch (HO)
Package ifluatex Info: LuaTeX not detected.
)
Package etexcmds Info: Could not find \expanded.
(etexcmds)             That can mean that you are not using pdfTeX 1.50 or
(etexcmds)             that some package has redefined \expanded.
(etexcmds)             In the latter case, load this package earlier.
)))
(/usr/share/texlive/texmf-dist/tex/generic/oberdiek/pdftexcmds.sty
Package: pdftexcmds 2011/11/29 v0.20 Utility functions of pdfTeX for LuaTeX (HO
)
Package pdftexcmds Info: LuaTeX not detected.
Package pdftexcmds Info: \pdf@primitive is available.
Package pdftexcmds Info: \pdf@ifprimitive is available.
Package pdftexcmds Info: \pdfdraftmode found.
)
Package grfext Info: Graphics extension search list:
(grfext)             [.png,.pdf,.jpg,.mps,.jpeg,.jbig2,.jb2,.PNG,.PDF,.JPG,.JPE
G,.JBIG2,.JB2,.eps]
(grfext)             \AppendGraphicsExtensions on input line 452.

(/usr/share/texlive/texmf-dist/tex/latex/latexconfig/epstopdf-sys.cfg
File: epstopdf-sys.cfg 2010/07/13 v1.3 Configuration of (r)epstopdf for TeX Liv
e
)))
(/usr/share/texlive/texmf-dist/tex/latex/hyperref/hyperref.sty
Package: hyperref 2012/11/06 v6.83m Hypertext links for LaTeX

(/usr/share/texlive/texmf-dist/tex/generic/oberdiek/hobsub-hyperref.sty
Package: hobsub-hyperref 2012/05/28 v1.13 Bundle oberdiek, subset hyperref (HO)


(/usr/share/texlive/texmf-dist/tex/generic/oberdiek/hobsub-generic.sty
Package: hobsub-generic 2012/05/28 v1.13 Bundle oberdiek, subset generic (HO)
Package: hobsub 2012/05/28 v1.13 Construct package bundles (HO)
Package hobsub Info: Skipping package `infwarerr' (already loaded).
Package hobsub Info: Skipping package `ltxcmds' (already loaded).
Package hobsub Info: Skipping package `ifluatex' (already loaded).
Package hobsub Info: Skipping package `ifvtex' (already loaded).
Package: intcalc 2007/09/27 v1.1 Expandable calculations with integers (HO)
Package hobsub Info: Skipping package `ifpdf' (already loaded).
Package hobsub Info: Skipping package `etexcmds' (already loaded).
Package hobsub Info: Skipping package `kvsetkeys' (already loaded).
Package hobsub Info: Skipping package `kvdefinekeys' (already loaded).
Package hobsub Info: Skipping package `pdftexcmds' (already loaded).
Package: pdfescape 2011/11/25 v1.13 Implements pdfTeX's escape features (HO)
Package: bigintcalc 2012/04/08 v1.3 Expandable calculations on big integers (HO
)
Package: bitset 2011/01/30 v1.1 Handle bit-vector datatype (HO)
Package: uniquecounter 2011/01/30 v1.2 Provide unlimited unique counter (HO)
)
Package hobsub Info: Skipping package `hobsub' (already loaded).
Package: letltxmacro 2010/09/02 v1.4 Let assignment for LaTeX macros (HO)
Package: hopatch 2012/05/28 v1.2 Wrapper for package hooks (HO)
Package: xcolor-patch 2011/01/30 xcolor patch
Package: atveryend 2011/06/30 v1.8 Hooks at the very end of document (HO)
Package atveryend Info: \enddocument detected (standard20110627).
Package: atbegshi 2011/10/05 v1.16 At begin shipout hook (HO)
Package: refcount 2011/10/16 v3.4 Data extraction from label references (HO)
Package: hycolor 2011/01/30 v1.7 Color options for hyperref/bookmark (HO)
)
(/usr/share/texlive/texmf-dist/tex/latex/oberdiek/auxhook.sty
Package: auxhook 2011/03/04 v1.3 Hooks for auxiliary files (HO)
)
\@linkdim=\dimen124
\Hy@linkcounter=\count103
\Hy@pagecounter=\count104

(/usr/share/texlive/texmf-dist/tex/latex/hyperref/pd1enc.def
File: pd1enc.def 2012/11/06 v6.83m Hyperref: PDFDocEncoding definition (HO)
)
\Hy@SavedSpaceFactor=\count105

(/usr/share/texlive/texmf-dist/tex/latex/latexconfig/hyperref.cfg
File: hyperref.cfg 2002/06/06 v1.2 hyperref configuration of TeXLive
)
Package hyperref Info: Hyper figures OFF on input line 4443.
Package hyperref Info: Link nesting OFF on input line 4448.
Package hyperref Info: Hyper index ON on input line 4451.
Package hyperref Info: Plain pages OFF on input line 4458.
Package hyperref Info: Backreferencing OFF on input line 4463.
Package hyperref Info: Implicit mode ON; LaTeX internals redefined.
Package hyperref Info: Bookmarks ON on input line 4688.
\c@Hy@tempcnt=\count106
LaTeX Info: Redefining \url on input line 5041.
\XeTeXLinkMargin=\dimen125
\Fld@menulength=\count107
\Field@Width=\dimen126
\Fld@charsize=\dimen127
Package hyperref Info: Hyper figures OFF on input line 6295.
Package hyperref Info: Link nesting OFF on input line 6300.
Package hyperref Info: Hyper index ON on input line 6303.
Package hyperref Info: backreferencing OFF on input line 6310.
Package hyperref Info: Link coloring OFF on input line 6315.
Package hyperref Info: Link coloring with OCG OFF on input line 6320.
Package hyperref Info: PDF/A mode OFF on input line 6325.
LaTeX Info: Redefining \ref on input line 6365.
LaTeX Info: Redefining \pageref on input line 6369.
\Hy@abspage=\count108
\c@Item=\count109
\c@Hfootnote=\count110
)

Package hyperref Message: Driver (autodetected): hpdftex.

(/usr/share/texlive/texmf-dist/tex/latex/hyperref/hpdftex.def
File: hpdftex.def 2012/11/06 v6.83m Hyperref driver for pdfTeX
\Fld@listcount=\count111
\c@bookmark@seq@number=\count112

(/usr/share/texlive/texmf-dist/tex/latex/oberdiek/rerunfilecheck.sty
Package: rerunfilecheck 2011/04/15 v1.7 Rerun checks for auxiliary files (HO)
Package uniquecounter Info: New unique counter `rerunfilecheck' on input line 2
82.
)
\Hy@SectionHShift=\skip46
)
(/usr/share/texlive/texmf-dist/tex/latex/algorithmicx/algpseudocode.sty
Package: algpseudocode 

(/usr/share/texlive/texmf-dist/tex/latex/base/ifthen.sty
Package: ifthen 2001/05/26 v1.1c Standard LaTeX ifthen package (DPC)
)
(/usr/share/texlive/texmf-dist/tex/latex/algorithmicx/algorithmicx.sty
Package: algorithmicx 2005/04/27 v1.2 Algorithmicx

Document Style algorithmicx 1.2 - a greatly improved `algorithmic' style
\c@ALG@line=\count113
\c@ALG@rem=\count114
\c@ALG@nested=\count115
\ALG@tlm=\skip47
\ALG@thistlm=\skip48
\c@ALG@Lnr=\count116
\c@ALG@blocknr=\count117
\c@ALG@storecount=\count118
\c@ALG@tmpcounter=\count119
\ALG@tmplength=\skip49
)
Document Style - pseudocode environments for use with the `algorithmicx' style
) (/usr/share/texlive/texmf-dist/tex/latex/algorithms/algorithm.sty
Package: algorithm 2009/08/24 v0.1 Document Style `algorithm' - floating enviro
nment

(/usr/share/texlive/texmf-dist/tex/latex/float/float.sty
Package: float 2001/11/08 v1.3d Float enhancements (AL)
\c@float@type=\count120
\float@exts=\toks23
\float@box=\box28
\@float@everytoks=\toks24
\@floatcapt=\box29
)
\@float@every@algorithm=\toks25
\c@algorithm=\count121
)
(/usr/share/texlive/texmf-dist/tex/latex/enumitem/enumitem.sty
Package: enumitem 2011/09/28 v3.5.2 Customized lists
\labelindent=\skip50
\enit@outerparindent=\dimen128
\enit@toks=\toks26
\enit@inbox=\box30
\enitdp@description=\count122
)
(/usr/share/texlive/texmf-dist/tex/latex/caption/caption.sty
Package: caption 2013/05/02 v3.3-89 Customizing captions (AR)

(/usr/share/texlive/texmf-dist/tex/latex/caption/caption3.sty
Package: caption3 2013/05/02 v1.6-88 caption3 kernel (AR)
Package caption3 Info: TeX engine: e-TeX on input line 57.
\captionmargin=\dimen129
\captionmargin@=\dimen130
\captionwidth=\dimen131
\caption@tempdima=\dimen132
\caption@indent=\dimen133
\caption@parindent=\dimen134
\caption@hangindent=\dimen135
)
\c@ContinuedFloat=\count123
Package caption Info: float package is loaded.
Package caption Info: hyperref package is loaded.
)
(/usr/share/texlive/texmf-dist/tex/latex/caption/subcaption.sty
Package: subcaption 2013/02/03 v1.1-62 Sub-captions (AR)
\c@subfigure=\count124
\c@subtable=\count125
)
(./final_report.aux)
\openout1 = `final_report.aux'.

LaTeX Font Info:    Checking defaults for OML/cmm/m/it on input line 18.
LaTeX Font Info:    ... okay on input line 18.
LaTeX Font Info:    Checking defaults for T1/cmr/m/n on input line 18.
LaTeX Font Info:    ... okay on input line 18.
LaTeX Font Info:    Checking defaults for OT1/cmr/m/n on input line 18.
LaTeX Font Info:    ... okay on input line 18.
LaTeX Font Info:    Checking defaults for OMS/cmsy/m/n on input line 18.
LaTeX Font Info:    ... okay on input line 18.
LaTeX Font Info:    Checking defaults for OMX/cmex/m/n on input line 18.
LaTeX Font Info:    ... okay on input line 18.
LaTeX Font Info:    Checking defaults for U/cmr/m/n on input line 18.
LaTeX Font Info:    ... okay on input line 18.
LaTeX Font Info:    Checking defaults for PD1/pdf/m/n on input line 18.
LaTeX Font Info:    ... okay on input line 18.

*geometry* driver: auto-detecting
*geometry* detected driver: pdftex
*geometry* verbose mode - [ preamble ] result:
* driver: pdftex
* paper: <default>
* layout: <same size as paper>
* layoutoffset:(h,v)=(0.0pt,0.0pt)
* modes: 
* h-part:(L,W,R)=(42.67912pt, 528.93675pt, 42.67912pt)
* v-part:(T,H,B)=(56.9055pt, 681.15898pt, 56.9055pt)
* \paperwidth=614.295pt
* \paperheight=794.96999pt
* \textwidth=528.93675pt
* \textheight=681.15898pt
* \oddsidemargin=-29.59087pt
* \evensidemargin=-29.59087pt
* \topmargin=-15.36449pt
* \headheight=0.0pt
* \headsep=0.0pt
* \topskip=10.0pt
* \footskip=0.0pt
* \marginparwidth=65.0pt
* \marginparsep=11.0pt
* \columnsep=28.45274pt
* \skip\footins=9.0pt plus 4.0pt minus 2.0pt
* \hoffset=0.0pt
* \voffset=0.0pt
* \mag=1000
* \@twocolumnfalse
* \@twosidefalse
* \@mparswitchfalse
* \@reversemarginfalse
* (1in=72.27pt=25.4mm, 1cm=28.453pt)

(/usr/share/texlive/texmf-dist/tex/context/base/supp-pdf.mkii
[Loading MPS to PDF converter (version 2006.09.02).]
\scratchcounter=\count126
\scratchdimen=\dimen136
\scratchbox=\box31
\nofMPsegments=\count127
\nofMParguments=\count128
\everyMPshowfont=\toks27
\MPscratchCnt=\count129
\MPscratchDim=\dimen137
\MPnumerator=\count130
\makeMPintoPDFobject=\count131
\everyMPtoPDFconversion=\toks28
)
\AtBeginShipoutBox=\box32
Package hyperref Info: Link coloring OFF on input line 18.
 (/usr/share/texlive/texmf-dist/tex/latex/hyperref/nameref.sty
Package: nameref 2012/10/27 v2.43 Cross-referencing by name of section

(/usr/share/texlive/texmf-dist/tex/generic/oberdiek/gettitlestring.sty
Package: gettitlestring 2010/12/03 v1.4 Cleanup title references (HO)
)
\c@section@level=\count132
)
LaTeX Info: Redefining \ref on input line 18.
LaTeX Info: Redefining \pageref on input line 18.
LaTeX Info: Redefining \nameref on input line 18.

(./final_report.out) (./final_report.out)
\@outlinefile=\write3
\openout3 = `final_report.out'.

Package caption Info: Begin \AtBeginDocument code.
Package caption Info: End \AtBeginDocument code.
 (./abstract_file.tex)
(./introduction.tex) (./Problem.tex
Underfull \hbox (badness 10000) in paragraph at lines 10--11

 []

[1

{/var/lib/texmf/fonts/map/pdftex/updmap/pdftex.map}]
Underfull \hbox (badness 10000) in paragraph at lines 12--45

 []


Overfull \hbox (25.00002pt too wide) in paragraph at lines 12--45
[][] 
 []


Underfull \hbox (badness 10000) in paragraph at lines 45--57

 []


Underfull \hbox (badness 10000) in paragraph at lines 45--57

 []


Underfull \hbox (badness 10000) in paragraph at lines 57--72

 []


Underfull \hbox (badness 10000) in paragraph at lines 57--72

 []


Underfull \hbox (badness 10000) in paragraph at lines 77--78

 []

[2]
Underfull \hbox (badness 10000) in paragraph at lines 81--96

 []


Underfull \hbox (badness 10000) in paragraph at lines 81--96

 []


Underfull \hbox (badness 10000) in paragraph at lines 101--102

 []


Underfull \hbox (badness 10000) in paragraph at lines 103--111

 []


Underfull \hbox (badness 10000) in paragraph at lines 103--111

 []


Underfull \hbox (badness 10000) in paragraph at lines 111--117

 []


Underfull \hbox (badness 10000) in paragraph at lines 111--117

 []


LaTeX Warning: Reference `bad_heading' on page 3 undefined on input line 123.


Underfull \hbox (badness 10000) in paragraph at lines 123--124

 []


Underfull \hbox (badness 10000) in paragraph at lines 126--133

 []


Underfull \hbox (badness 10000) in paragraph at lines 126--133

 []

[3]) (./Method.tex
Package hyperref Info: bookmark level for unknown algorithm defaults to 0 on in
put line 8.


LaTeX Warning: Reference `subsec:observation' on page 4 undefined on input line
 38.

[4]) [5] (./Results.tex (./bad_heading_plot.tex
<bad_heading_initial.pdf, id=143, 578.16pt x 578.16pt>
File: bad_heading_initial.pdf Graphic file (type pdf)

<use bad_heading_initial.pdf>
Package pdftex.def Info: bad_heading_initial.pdf used on input line 6.
(pdftex.def)             Requested size: 158.68263pt x 158.6813pt.

<bad_heading_first_obs.pdf, id=144, 578.16pt x 578.16pt>
File: bad_heading_first_obs.pdf Graphic file (type pdf)

<use bad_heading_first_obs.pdf>
Package pdftex.def Info: bad_heading_first_obs.pdf used on input line 13.
(pdftex.def)             Requested size: 158.68263pt x 158.6813pt.

<bad_heading_t_2.pdf, id=145, 578.16pt x 578.16pt>
File: bad_heading_t_2.pdf Graphic file (type pdf)
 <use bad_heading_t_2.pdf>
Package pdftex.def Info: bad_heading_t_2.pdf used on input line 20.
(pdftex.def)             Requested size: 158.68263pt x 158.6813pt.

<bad_heading_t_3.pdf, id=146, 578.16pt x 578.16pt>
File: bad_heading_t_3.pdf Graphic file (type pdf)
 <use bad_heading_t_3.pdf>
Package pdftex.def Info: bad_heading_t_3.pdf used on input line 25.
(pdftex.def)             Requested size: 158.68263pt x 158.6813pt.

<bad_heading_t_4.pdf, id=147, 578.16pt x 578.16pt>
File: bad_heading_t_4.pdf Graphic file (type pdf)
 <use bad_heading_t_4.pdf>
Package pdftex.def Info: bad_heading_t_4.pdf used on input line 30.
(pdftex.def)             Requested size: 158.68263pt x 158.6813pt.

<bad_heading_t_5.pdf, id=148, 578.16pt x 578.16pt>
File: bad_heading_t_5.pdf Graphic file (type pdf)
 <use bad_heading_t_5.pdf>
Package pdftex.def Info: bad_heading_t_5.pdf used on input line 35.
(pdftex.def)             Requested size: 158.68263pt x 158.6813pt.
)
[6 <./bad_heading_initial.pdf> <./bad_heading_first_obs.pdf

pdfTeX warning: pdflatex (file ./bad_heading_first_obs.pdf): PDF inclusion: mul
tiple pdfs with page group included in a single page
> <./bad_heading_t_2.pdf

pdfTeX warning: pdflatex (file ./bad_heading_t_2.pdf): PDF inclusion: multiple 
pdfs with page group included in a single page
> <./bad_heading_t_3.pdf

pdfTeX warning: pdflatex (file ./bad_heading_t_3.pdf): PDF inclusion: multiple 
pdfs with page group included in a single page
> <./bad_heading_t_4.pdf

pdfTeX warning: pdflatex (file ./bad_heading_t_4.pdf): PDF inclusion: multiple 
pdfs with page group included in a single page
> <./bad_heading_t_5.pdf

pdfTeX warning: pdflatex (file ./bad_heading_t_5.pdf): PDF inclusion: multiple 
pdfs with page group included in a single page
>] (./beam_bad_heading_plot.tex
<beam_bad_heading_initial.pdf, id=223, 578.16pt x 578.16pt>
File: beam_bad_heading_initial.pdf Graphic file (type pdf)

<use beam_bad_heading_initial.pdf>
Package pdftex.def Info: beam_bad_heading_initial.pdf used on input line 6.
(pdftex.def)             Requested size: 158.68263pt x 158.6813pt.

<beam_bad_heading_first_obs.pdf, id=224, 578.16pt x 578.16pt>
File: beam_bad_heading_first_obs.pdf Graphic file (type pdf)

<use beam_bad_heading_first_obs.pdf>
Package pdftex.def Info: beam_bad_heading_first_obs.pdf used on input line 13.
(pdftex.def)             Requested size: 158.68263pt x 158.6813pt.

<beam_bad_heading_t_1.pdf, id=225, 578.16pt x 578.16pt>
File: beam_bad_heading_t_1.pdf Graphic file (type pdf)

<use beam_bad_heading_t_1.pdf>
Package pdftex.def Info: beam_bad_heading_t_1.pdf used on input line 20.
(pdftex.def)             Requested size: 158.68263pt x 158.6813pt.

<beam_bad_heading_t_2.pdf, id=226, 578.16pt x 578.16pt>
File: beam_bad_heading_t_2.pdf Graphic file (type pdf)

<use beam_bad_heading_t_2.pdf>
Package pdftex.def Info: beam_bad_heading_t_2.pdf used on input line 25.
(pdftex.def)             Requested size: 158.68263pt x 158.6813pt.

<beam_bad_heading_t_4.pdf, id=227, 578.16pt x 578.16pt>
File: beam_bad_heading_t_4.pdf Graphic file (type pdf)

<use beam_bad_heading_t_4.pdf>
Package pdftex.def Info: beam_bad_heading_t_4.pdf used on input line 30.
(pdftex.def)             Requested size: 158.68263pt x 158.6813pt.

<beam_bad_heading_t_6.pdf, id=228, 578.16pt x 578.16pt>
File: beam_bad_heading_t_6.pdf Graphic file (type pdf)

<use beam_bad_heading_t_6.pdf>
Package pdftex.def Info: beam_bad_heading_t_6.pdf used on input line 35.
(pdftex.def)             Requested size: 158.68263pt x 158.6813pt.
) (./high_vel_noise_plot.tex
<high_vel_noise_initial.pdf, id=230, 578.16pt x 578.16pt>
File: high_vel_noise_initial.pdf Graphic file (type pdf)

<use high_vel_noise_initial.pdf>
Package pdftex.def Info: high_vel_noise_initial.pdf used on input line 6.
(pdftex.def)             Requested size: 158.68263pt x 158.6813pt.

<high_vel_noise_first_obs.pdf, id=231, 578.16pt x 578.16pt>
File: high_vel_noise_first_obs.pdf Graphic file (type pdf)

<use high_vel_noise_first_obs.pdf>
Package pdftex.def Info: high_vel_noise_first_obs.pdf used on input line 13.
(pdftex.def)             Requested size: 158.68263pt x 158.6813pt.

<high_vel_noise_t_1.pdf, id=232, 578.16pt x 578.16pt>
File: high_vel_noise_t_1.pdf Graphic file (type pdf)

<use high_vel_noise_t_1.pdf>
Package pdftex.def Info: high_vel_noise_t_1.pdf used on input line 20.
(pdftex.def)             Requested size: 158.68263pt x 158.6813pt.

<high_vel_noise_t_2.pdf, id=233, 578.16pt x 578.16pt>
File: high_vel_noise_t_2.pdf Graphic file (type pdf)

<use high_vel_noise_t_2.pdf>
Package pdftex.def Info: high_vel_noise_t_2.pdf used on input line 25.
(pdftex.def)             Requested size: 158.68263pt x 158.6813pt.

<high_vel_noise_t_3.pdf, id=234, 578.16pt x 578.16pt>
File: high_vel_noise_t_3.pdf Graphic file (type pdf)

<use high_vel_noise_t_3.pdf>
Package pdftex.def Info: high_vel_noise_t_3.pdf used on input line 30.
(pdftex.def)             Requested size: 158.68263pt x 158.6813pt.

<high_vel_noise_t_4.pdf, id=235, 578.16pt x 578.16pt>
File: high_vel_noise_t_4.pdf Graphic file (type pdf)

<use high_vel_noise_t_4.pdf>
Package pdftex.def Info: high_vel_noise_t_4.pdf used on input line 35.
(pdftex.def)             Requested size: 158.68263pt x 158.6813pt.
) [7 <./beam_bad_heading_initial.pdf> <./beam_bad_heading_first_obs.pdf

pdfTeX warning: pdflatex (file ./beam_bad_heading_first_obs.pdf): PDF inclusion
: multiple pdfs with page group included in a single page
> <./beam_bad_heading_t_1.pdf

pdfTeX warning: pdflatex (file ./beam_bad_heading_t_1.pdf): PDF inclusion: mult
iple pdfs with page group included in a single page
> <./beam_bad_heading_t_2.pdf

pdfTeX warning: pdflatex (file ./beam_bad_heading_t_2.pdf): PDF inclusion: mult
iple pdfs with page group included in a single page
> <./beam_bad_heading_t_4.pdf

pdfTeX warning: pdflatex (file ./beam_bad_heading_t_4.pdf): PDF inclusion: mult
iple pdfs with page group included in a single page
> <./beam_bad_heading_t_6.pdf

pdfTeX warning: pdflatex (file ./beam_bad_heading_t_6.pdf): PDF inclusion: mult
iple pdfs with page group included in a single page
>] [8 <./high_vel_noise_initial.pdf> <./high_vel_noise_first_obs.pdf

pdfTeX warning: pdflatex (file ./high_vel_noise_first_obs.pdf): PDF inclusion: 
multiple pdfs with page group included in a single page
> <./high_vel_noise_t_1.pdf

pdfTeX warning: pdflatex (file ./high_vel_noise_t_1.pdf): PDF inclusion: multip
le pdfs with page group included in a single page
> <./high_vel_noise_t_2.pdf

pdfTeX warning: pdflatex (file ./high_vel_noise_t_2.pdf): PDF inclusion: multip
le pdfs with page group included in a single page
> <./high_vel_noise_t_3.pdf

pdfTeX warning: pdflatex (file ./high_vel_noise_t_3.pdf): PDF inclusion: multip
le pdfs with page group included in a single page
> <./high_vel_noise_t_4.pdf

pdfTeX warning: pdflatex (file ./high_vel_noise_t_4.pdf): PDF inclusion: multip
le pdfs with page group included in a single page
>] (./vantage_plot.tex <vantage_initial.pdf, id=383, 578.16pt x 578.16pt>
File: vantage_initial.pdf Graphic file (type pdf)

<use vantage_initial.pdf>
Package pdftex.def Info: vantage_initial.pdf used on input line 6.
(pdftex.def)             Requested size: 158.68263pt x 158.6813pt.
 <vantage_first_obs.pdf, id=384, 578.16pt x 578.16pt>
File: vantage_first_obs.pdf Graphic file (type pdf)

<use vantage_first_obs.pdf>
Package pdftex.def Info: vantage_first_obs.pdf used on input line 13.
(pdftex.def)             Requested size: 158.68263pt x 158.6813pt.
 <vantage_t_1.pdf, id=385, 578.16pt x 578.16pt>
File: vantage_t_1.pdf Graphic file (type pdf)

<use vantage_t_1.pdf>
Package pdftex.def Info: vantage_t_1.pdf used on input line 20.
(pdftex.def)             Requested size: 158.68263pt x 158.6813pt.
 <vantage_t_2.pdf, id=386, 578.16pt x 578.16pt>
File: vantage_t_2.pdf Graphic file (type pdf)

<use vantage_t_2.pdf>
Package pdftex.def Info: vantage_t_2.pdf used on input line 25.
(pdftex.def)             Requested size: 158.68263pt x 158.6813pt.
 <vantage_t_3.pdf, id=387, 578.16pt x 578.16pt>
File: vantage_t_3.pdf Graphic file (type pdf)

<use vantage_t_3.pdf>
Package pdftex.def Info: vantage_t_3.pdf used on input line 30.
(pdftex.def)             Requested size: 158.68263pt x 158.6813pt.
)) (./conclusion.tex) [9 <./vantage_initial.pdf> <./vantage_first_obs.pdf

pdfTeX warning: pdflatex (file ./vantage_first_obs.pdf): PDF inclusion: multipl
e pdfs with page group included in a single page
> <./vantage_t_1.pdf

pdfTeX warning: pdflatex (file ./vantage_t_1.pdf): PDF inclusion: multiple pdfs
 with page group included in a single page
> <./vantage_t_2.pdf

pdfTeX warning: pdflatex (file ./vantage_t_2.pdf): PDF inclusion: multiple pdfs
 with page group included in a single page
> <./vantage_t_3.pdf

pdfTeX warning: pdflatex (file ./vantage_t_3.pdf): PDF inclusion: multiple pdfs
 with page group included in a single page
>] (./acknowledgements.tex) (./final_report.bbl)
Package atveryend Info: Empty hook `BeforeClearDocument' on input line 39.
 [10]
Package atveryend Info: Empty hook `AfterLastShipout' on input line 39.
 (./final_report.aux)
Package atveryend Info: Executing hook `AtVeryEndDocument' on input line 39.
Package atveryend Info: Executing hook `AtEndAfterFileList' on input line 39.
Package rerunfilecheck Info: File `final_report.out' has not changed.
(rerunfilecheck)             Checksum: 59DF2112C76DBAA8D1CD4BBC7D3D8A5D;1552.


LaTeX Warning: There were undefined references.

Package atveryend Info: Empty hook `AtVeryVeryEnd' on input line 39.
 ) 
Here is how much of TeX's memory you used:
 8462 strings out of 493304
 129847 string characters out of 6139871
 231752 words of memory out of 5000000
 11708 multiletter control sequences out of 15000+600000
 10277 words of font info for 37 fonts, out of 8000000 for 9000
 957 hyphenation exceptions out of 8191
 42i,16n,38p,1266b,463s stack positions out of 5000i,500n,10000p,200000b,80000s
</usr/share/texlive/texmf-dist/fonts/type1/public/amsfonts/cm/cmbx10.pfb></us
r/share/texlive/texmf-dist/fonts/type1/public/amsfonts/cm/cmbx12.pfb></usr/shar
e/texlive/texmf-dist/fonts/type1/public/amsfonts/cm/cmbx9.pfb></usr/share/texli
ve/texmf-dist/fonts/type1/public/amsfonts/cm/cmcsc10.pfb></usr/share/texlive/te
xmf-dist/fonts/type1/public/amsfonts/cm/cmex10.pfb></usr/share/texlive/texmf-di
st/fonts/type1/public/amsfonts/cm/cmmi10.pfb></usr/share/texlive/texmf-dist/fon
ts/type1/public/amsfonts/cm/cmmi5.pfb></usr/share/texlive/texmf-dist/fonts/type
1/public/amsfonts/cm/cmmi7.pfb></usr/share/texlive/texmf-dist/fonts/type1/publi
c/amsfonts/cm/cmr10.pfb></usr/share/texlive/texmf-dist/fonts/type1/public/amsfo
nts/cm/cmr12.pfb></usr/share/texlive/texmf-dist/fonts/type1/public/amsfonts/cm/
cmr17.pfb></usr/share/texlive/texmf-dist/fonts/type1/public/amsfonts/cm/cmr5.pf
b></usr/share/texlive/texmf-dist/fonts/type1/public/amsfonts/cm/cmr7.pfb></usr/
share/texlive/texmf-dist/fonts/type1/public/amsfonts/cm/cmr9.pfb></usr/share/te
xlive/texmf-dist/fonts/type1/public/amsfonts/cm/cmsy10.pfb></usr/share/texlive/
texmf-dist/fonts/type1/public/amsfonts/cm/cmsy7.pfb></usr/share/texlive/texmf-d
ist/fonts/type1/public/amsfonts/cm/cmti10.pfb>
Output written on final_report.pdf (10 pages, 423045 bytes).
PDF statistics:
 529 PDF objects out of 1000 (max. 8388607)
 335 compressed objects within 4 object streams
 52 named destinations out of 1000 (max. 500000)
 260 words of extra memory for PDF output out of 10000 (max. 10000000)

